"../../../../../../Users/Rahul - Main/Desktop/SIT255-Assignment1-217663894-Edirisinghe/GamePatDevAS1/Content/Material.uasset" 0
"../../../Engine/Content/EditorResources/MatineeCam_D.uasset" 1
"../../../Engine/Content/EditorMaterials/MatineeCam_mat.uasset" 2
"../../../../../../Users/Rahul - Main/Desktop/SIT255-Assignment1-217663894-Edirisinghe/GamePatDevAS1/Content/Vehicle.uasset" 3
"../../../Engine/Content/Animation/DefaultAnimCurveCompressionSettings.uasset" 4
"../../../Engine/Content/Functions/Engine_MaterialFunctions01/Opacity/CameraDepthFade.uasset" 5
"../../../Engine/Content/EngineMaterials/T_Default_Material_Grid_M.uasset" 6
"../../../Engine/Content/EngineMaterials/T_Default_Material_Grid_N.uasset" 7
"../../../Engine/Content/EngineMaterials/WorldGridMaterial.uasset" 8
"../../../Engine/Content/ArtTools/RenderToTexture/Meshes/S_1_Unit_Plane.uasset" 9
"../../../Engine/Content/EngineMaterials/DefaultMaterial.uasset" 10
"../../../Engine/Content/BasicShapes/Cone.uasset" 11
"../../../Engine/Content/BasicShapes/Cylinder.uasset" 12
"../../../Engine/Content/BasicShapes/Plane.uasset" 13
"../../../Engine/Content/BasicShapes/Sphere.uasset" 14
"../../../Engine/Content/EditorLandscapeResources/DataLayer.uasset" 15
"../../../Engine/Content/EditorMaterials/MAT_Groups_Toggle.uasset" 16
"../../../Engine/Content/EditorMaterials/MAT_Groups_Visibility.uasset" 17
"../../../Engine/Content/EditorMaterials/PreviewShadowIndicator.uasset" 18
"../../../Engine/Content/EditorMaterials/PreviewShadowIndicatorMaterial.uasset" 19
"../../../Engine/Content/EditorMaterials/MatineeGroups/MAT_ColorTrack.uasset" 20
"../../../Engine/Content/EditorMaterials/MatineeGroups/MAT_Groups_Anim.uasset" 21
"../../../Engine/Content/EditorMaterials/MatineeGroups/MAT_Groups_AudioMaster.uasset" 22
"../../../Engine/Content/EditorMaterials/MatineeGroups/MAT_Groups_Director.uasset" 23
"../../../Engine/Content/EditorMaterials/MatineeGroups/MAT_Groups_Event.uasset" 24
"../../../Engine/Content/EditorMaterials/MatineeGroups/MAT_Groups_Fade.uasset" 25
"../../../Engine/Content/EditorMaterials/MatineeGroups/MAT_Groups_Float.uasset" 26
"../../../Engine/Content/EditorMaterials/MatineeGroups/MAT_Groups_Move.uasset" 27
"../../../Engine/Content/EditorMaterials/MatineeGroups/MAT_Groups_Slomo.uasset" 28
"../../../Engine/Content/EditorMaterials/MatineeGroups/MAT_Groups_Sound.uasset" 29
"../../../Engine/Content/EditorMaterials/MatineeGroups/MAT_Groups_Vector.uasset" 30
"../../../Engine/Content/EditorMaterials/ParticleSystems/PSysThumbnail_NoImage.uasset" 31
"../../../Engine/Content/EditorMaterials/ParticleSystems/PSysThumbnail_OOD.uasset" 32
"../../../Engine/Content/EditorMaterials/Camera/CineMat.uasset" 33
"../../../Engine/Content/EditorMaterials/Camera/MI_CineMat_Rig.uasset" 34
"../../../Engine/Content/EditorMeshes/Camera/SM_CraneRig_Arm.uasset" 35
"../../../Engine/Content/EditorMeshes/Camera/SM_CraneRig_Base.uasset" 36
"../../../Engine/Content/EditorMeshes/Camera/SM_CraneRig_Body.uasset" 37
"../../../Engine/Content/EditorMeshes/Camera/SM_CraneRig_Mount.uasset" 38
"../../../Engine/Content/EditorMeshes/Camera/SM_RailRig_Mount.uasset" 39
"../../../Engine/Content/EditorMeshes/Camera/SM_RailRig_Track.uasset" 40
"../../../Engine/Content/EditorResources/BSPVertex.uasset" 41
"../../../Engine/Content/EditorResources/EmptyActor.uasset" 42
"../../../Engine/Content/EditorResources/S_Actor.uasset" 43
"../../../Engine/Content/EditorResources/S_Note.uasset" 44
"../../../Engine/Content/EditorResources/S_Solver.uasset" 45
"../../../Engine/Content/EditorResources/S_Trigger.uasset" 46
"../../../Engine/Content/EditorResources/LightIcons/S_LightError.uasset" 47
"../../../Engine/Content/EditorResources/SequenceRecorder/Countdown.uasset" 48
"../../../Engine/Content/EditorResources/SequenceRecorder/RecordingIndicator.uasset" 49
"../../../Engine/Content/EditorSounds/Notifications/CompileFailed.uasset" 50
"../../../Engine/Content/EditorSounds/Notifications/CompileFailed_Cue.uasset" 51
"../../../Engine/Content/EditorSounds/Notifications/CompileSuccess.uasset" 52
"../../../Engine/Content/EditorSounds/Notifications/CompileStart_Cue.uasset" 53
"../../../Engine/Content/EditorSounds/Notifications/CompileSuccess_Cue.uasset" 54
"../../../Engine/Content/EngineDamageTypes/DmgTypeBP_Environmental.uasset" 55
"../../../Engine/Content/EngineDebugMaterials/DebugEditorMaterial.uasset" 56
"../../../Engine/Content/EngineDebugMaterials/DebugMeshMaterial.uasset" 57
"../../../Engine/Content/EngineDebugMaterials/M_SimpleUnlitTranslucent.uasset" 58
"../../../Engine/Content/Functions/Engine_MaterialFunctions02/Utility/CameraDirectionVector.uasset" 59
"../../../Engine/Content/EngineDebugMaterials/VolumeToRender.uasset" 60
"../../../Engine/Content/EngineDebugMaterials/M_VolumeRenderSphereTracePP.uasset" 61
"../../../Engine/Content/EngineDebugMaterials/WireframeMaterial.uasset" 62
"../../../Engine/Content/EngineFonts/Faces/DroidSansFallback.uasset" 63
"../../../Engine/Content/EngineFonts/Faces/RobotoBold.uasset" 64
"../../../Engine/Content/EngineFonts/Faces/RobotoBoldItalic.uasset" 65
"../../../Engine/Content/EngineFonts/Faces/RobotoItalic.uasset" 66
"../../../Engine/Content/EngineFonts/Faces/RobotoLight.uasset" 67
"../../../Engine/Content/EngineFonts/Faces/RobotoRegular.uasset" 68
"../../../Engine/Content/EngineFonts/Roboto.uasset" 69
"../../../Engine/Content/EngineMaterials/BaseFlattenDiffuseMap.uasset" 70
"../../../Engine/Content/EngineMaterials/BaseFlattenEmissiveMap.uasset" 71
"../../../Engine/Content/EngineMaterials/BaseFlattenGrayscaleMap.uasset" 72
"../../../Engine/Content/EngineMaterials/BaseFlattenNormalMap.uasset" 73
"../../../Engine/Content/EngineMaterials/BaseFlattenMaterial.uasset" 74
"../../../Engine/Content/EngineMaterials/BlueNoise.uasset" 75
"../../../Engine/Content/EngineMaterials/DefaultBloomKernel.uasset" 76
"../../../Engine/Content/EngineMaterials/DefaultBokeh.uasset" 77
"../../../Engine/Content/EngineMaterials/DefaultDiffuse.uasset" 78
"../../../Engine/Content/EngineMaterials/DefaultDeferredDecalMaterial.uasset" 79
"../../../Engine/Content/EngineMaterials/DefaultLightFunctionMaterial.uasset" 80
"../../../Engine/Content/EngineMaterials/DefaultPhysicalMaterial.uasset" 81
"../../../Engine/Content/Functions/Engine_MaterialFunctions02/Utility/BreakOutFloat2Components.uasset" 82
"../../../Engine/Content/EngineMaterials/DefaultPostProcessMaterial.uasset" 83
"../../../Engine/Content/EngineFonts/RobotoDistanceField.uasset" 84
"../../../Engine/Content/EngineMaterials/DefaultTextMaterialOpaque.uasset" 85
"../../../Engine/Content/EngineMaterials/DefaultWhiteGrid.uasset" 86
"../../../Engine/Content/EngineMaterials/DefaultWhiteGrid_Low.uasset" 87
"../../../Engine/Content/EngineMaterials/EmissiveMeshMaterial.uasset" 88
"../../../Engine/Content/EngineMaterials/GizmoMaterial.uasset" 89
"../../../Engine/Content/EngineMaterials/Good64x64TilingNoiseHighFreq.uasset" 90
"../../../Engine/Content/EngineMaterials/MiniFont.uasset" 91
"../../../Engine/Content/EngineMaterials/InvalidLightmapSettings.uasset" 92
"../../../Engine/Content/EngineMaterials/M_InvalidLightmapSettings.uasset" 93
"../../../Engine/Content/Functions/Engine_MaterialFunctions02/WorldPositionOffset/CameraOffset.uasset" 94
"../../../Engine/Content/EngineMaterials/PhAT_JointLimitMaterial.uasset" 95
"../../../Engine/Content/EngineMaterials/PreintegratedSkinBRDF.uasset" 96
"../../../Engine/Content/EngineMaterials/RemoveSurfaceMaterial.uasset" 97
"../../../Engine/Content/EngineMaterials/WeightMapPlaceholderTexture.uasset" 98
"../../../Engine/Content/EngineResources/WhiteSquareTexture.uasset" 99
"../../../Engine/Content/EngineMaterials/Widget3DPassThrough.uasset" 100
"../../../Engine/Content/EngineMaterials/Widget3DPassThrough_Masked.uasset" 101
"../../../Engine/Content/EngineMaterials/Widget3DPassThrough_Opaque.uasset" 102
"../../../Engine/Content/EngineMaterials/Widget3DPassThrough_Masked_OneSided.uasset" 103
"../../../Engine/Content/EngineMaterials/Widget3DPassThrough_Opaque_OneSided.uasset" 104
"../../../Engine/Content/EngineMaterials/Widget3DPassThrough_Translucent.uasset" 105
"../../../Engine/Content/EngineMaterials/Widget3DPassThrough_Translucent_OneSided.uasset" 106
"../../../Engine/Content/EngineMeshes/Cylinder.uasset" 107
"../../../Engine/Content/EngineMeshes/Sphere.uasset" 108
"../../../Engine/Content/EngineResources/Black.uasset" 109
"../../../Engine/Content/EngineResources/DefaultTexture.uasset" 110
"../../../Engine/Content/EngineResources/DefaultTextureCube.uasset" 111
"../../../Engine/Content/EngineResources/DefaultVolumeTexture2D.uasset" 112
"../../../Engine/Content/EngineResources/DefaultVolumeTexture.uasset" 113
"../../../Engine/Content/EngineResources/GradientTexture0.uasset" 114
"../../../Engine/Content/EngineSounds/Master.uasset" 115
"../../../Engine/Content/Functions/Engine_MaterialFunctions01/Shading/ConvertFromDiffSpec.uasset" 116
"../../../Engine/Content/Functions/Engine_MaterialFunctions01/Shading/PowerToRoughness.uasset" 117
"../../../Engine/Content/Maps/Templates/Thumbnails/Default.uasset" 118
"../../../Engine/Content/Maps/Templates/Thumbnails/TimeOfDay.uasset" 119
"../../../Engine/Content/Maps/Templates/Thumbnails/VR-Basic.uasset" 120
"../../../Engine/Content/MobileResources/T_MobileControls_texture.uasset" 121
"../../../Engine/Content/MobileResources/T_MobileMenu2.uasset" 122
"../../../Engine/Content/MobileResources/HUD/AnalogHat.uasset" 123
"../../../Engine/Content/MobileResources/HUD/VirtualJoystick_Background.uasset" 124
"../../../Engine/Content/MobileResources/HUD/VirtualJoystick_Thumb.uasset" 125
"../../../Engine/Content/MobileResources/HUD/DefaultVirtualJoysticks.uasset" 126
"../../../Engine/Content/MobileResources/HUD/LeftVirtualJoystickOnly.uasset" 127
"../../../Engine/Content/MobileResources/HUD/MobileHUDButton1_off.uasset" 128
"../../../Engine/Content/MobileResources/HUD/MobileHUDButton1_on.uasset" 129
"../../../Engine/Content/MobileResources/HUD/MobileHUDButton2_off.uasset" 130
"../../../Engine/Content/MobileResources/HUD/MobileHUDButton2_on.uasset" 131
"../../../Engine/Content/MobileResources/HUD/MobileHUDButton3.uasset" 132
"../../../Engine/Content/MobileResources/HUD/MobileHUDButtonFire.uasset" 133
"../../../Engine/Content/MobileResources/HUD/MobileHUDDirectionPad.uasset" 134
"../../../Engine/Content/MobileResources/HUD/MobileHUDDirectionPad2.uasset" 135
"../../../Engine/Content/MobileResources/HUD/MobileHUDDirectionPad3.uasset" 136
"../../../Engine/Content/MobileResources/HUD/MobileHUDDirectionStick.uasset" 137
"../../../Engine/Content/MobileResources/HUD/T_Castle_ThumbstickInner.uasset" 138
"../../../Engine/Content/MobileResources/HUD/T_Castle_ThumbstickOutter.uasset" 139
"../../../Engine/Content/Tutorial/ContentIntroCurve.uasset" 140
"../../../Engine/Content/Tutorial/Basics/LevelEditorAttract.uasset" 141
"../../../Engine/Content/Tutorial/Basics/TutorialAssets/icon_tab_Levels_40x.uasset" 142
"../../../Engine/Content/Tutorial/Basics/LevelEditorOverview.uasset" 143
"../../../Engine/Content/VREditor/LaserPointer/VR_LaserPower_01.uasset" 144
"../../../Engine/Content/VREditor/TransformGizmo/TransformGizmoMaterial.uasset" 145
"../../../Engine/Content/VREditor/TransformGizmo/TranslucentTransformGizmoMaterial.uasset" 146
"../../../Engine/Content/VREditor/TransformGizmo/BoundingBoxCorner.uasset" 147
"../../../Engine/Content/VREditor/TransformGizmo/BoundingBoxEdge.uasset" 148
"../../../Engine/Content/VREditor/TransformGizmo/PlaneTranslationHandle.uasset" 149
"../../../Engine/Content/VREditor/TransformGizmo/Main.uasset" 150
"../../../Engine/Content/VREditor/TransformGizmo/Xray.uasset" 151
"../../../Engine/Content/VREditor/TransformGizmo/SM_Sequencer_Key.uasset" 152
"../../../Engine/Content/VREditor/TransformGizmo/SM_Sequencer_Node.uasset" 153
"../../Plugins/2D/Paper2D/Content/PlaceholderTextures/DummySpriteTexture.uasset" 154
"../../Plugins/2D/Paper2D/Content/DummySprite.uasset" 155
"../../Plugins/2D/Paper2D/Content/DefaultPaperTerrainMaterial.uasset" 156
"../../Plugins/2D/Paper2D/Content/DefaultSpriteMaterial.uasset" 157
"../../Plugins/2D/Paper2D/Content/MaskedUnlitSpriteMaterial.uasset" 158
"../../Plugins/2D/Paper2D/Content/OpaqueUnlitSpriteMaterial.uasset" 159
"../../Plugins/FX/Niagara/Content/Enums/ENiagaraBooleanLogicOps.uasset" 160
"../../Plugins/FX/Niagara/Content/Enums/ENiagaraCoordinateSpace.uasset" 161
"../../Plugins/FX/Niagara/Content/Enums/ENiagaraExpansionMode.uasset" 162
"../../Plugins/FX/Niagara/Content/Enums/ENiagaraOrientationAxis.uasset" 163
"../../Plugins/FX/Niagara/Content/Enums/ENiagaraRandomnessMode.uasset" 164
"../../../Engine/Content/Functions/Engine_MaterialFunctions02/Utility/BreakOutFloat4Components.uasset" 165
"../../../Engine/Content/Functions/Engine_MaterialFunctions02/Utility/MakeFloat2.uasset" 166
"../../../Engine/Content/Functions/Engine_MaterialFunctions02/Utility/MakeFloat3.uasset" 167
"../../Plugins/Runtime/Oculus/OculusVR/Content/Materials/OculusMR_ChromaKey.uasset" 168
"../../Plugins/Runtime/Oculus/OculusVR/Content/Materials/OculusMR_ChromaKey_Lit.uasset" 169
"../../Plugins/Runtime/Oculus/OculusVR/Content/Materials/OculusMR_OpaqueColoredMaterial.uasset" 170
"../../Plugins/Runtime/Oculus/OculusVR/Content/Materials/OculusMR_WhiteMaterial.uasset" 171
"../../../Engine/Content/Tutorial/SubEditors/TutorialAssets/Character/TutorialTPP_Mat.uasset" 172
"../../../Engine/Content/BasicShapes/Cube.uasset" 173
"../../../../../../Users/Rahul - Main/Desktop/SIT255-Assignment1-217663894-Edirisinghe/GamePatDevAS1/Content/BasePlatform_BP.uasset" 174
"../../../Engine/Content/EditorBlueprintResources/StandardMacros.uasset" 175
"../../../Engine/Content/EngineSky/C_Sky_Cloud_Color.uasset" 176
"../../../Engine/Content/EngineSky/C_Sky_Horizon_Color.uasset" 177
"../../../Engine/Content/EngineSky/C_Sky_Zenith_Color.uasset" 178
"../../../Engine/Content/EngineSky/T_Sky_Blue.uasset" 179
"../../../Engine/Content/EngineSky/T_Sky_Clouds_M.uasset" 180
"../../../Engine/Content/EngineSky/T_Sky_Stars.uasset" 181
"../../../Engine/Content/EngineSky/M_Sky_Panning_Clouds2.uasset" 182
"../../../Engine/Content/EngineSky/SM_SkySphere.uasset" 183
"../../../Engine/Content/EngineSky/BP_Sky_Sphere.uasset" 184
"../../../Engine/Content/MapTemplates/Sky/T_Sky_Stars.uasset" 185
"../../../Engine/Content/MapTemplates/Sky/T_UDK_Sky_CloudMask01_N.uasset" 186
"../../../Engine/Content/MapTemplates/T_UDK_Sky_CloudMask03.uasset" 187
"../../../Engine/Content/MapTemplates/Sky/M_Procedural_Sky_MASTER02.uasset" 188
"../../../Engine/Content/MapTemplates/Sky/M_Procedural_Sky_Daytime.uasset" 189
"../../../Engine/Content/EngineMeshes/Cube.uasset" 190
"../../../../../../Users/Rahul - Main/Desktop/SIT255-Assignment1-217663894-Edirisinghe/GamePatDevAS1/Content/BP_AdvancedEnemy.uasset" 191
"../../../Engine/Content/MapTemplates/Sky/M_Procedural_Sky_Afternoon.uasset" 192
"../../../../../../Users/Rahul - Main/Desktop/SIT255-Assignment1-217663894-Edirisinghe/GamePatDevAS1/Content/BP_BasicEnemy.uasset" 193
"../../../Engine/Content/Functions/Engine_MaterialFunctions02/FixRotateAboutAxisNormals.uasset" 194
"../../../Engine/Content/Functions/Engine_MaterialFunctions02/Math/TimeWithSpeedVariable.uasset" 195
"../../../Engine/Content/Functions/Engine_MaterialFunctions02/Lerp_Multiple_Float2.uasset" 196
"../../../Engine/Content/Functions/Engine_MaterialFunctions02/ms_PivotPainter2_UnpackIntegerAsFloat.uasset" 197
"../../../Engine/Content/Functions/Engine_MaterialFunctions02/PivotPainter2/2dArrayLookupByIndex.uasset" 198
"../../../Engine/Content/Functions/Engine_MaterialFunctions02/PivotPainter2/ms_PivotPainter2_CalculateMeshElementIndex.uasset" 199
"../../../Engine/Content/Functions/Engine_MaterialFunctions02/PivotPainter2/ms_PivotPainter2_Decode8BitAlphaAxisExtent.uasset" 200
"../../../Engine/Content/Functions/Engine_MaterialFunctions02/PivotPainter2/ms_PivotPainter2_DecodeAxisVector.uasset" 201
"../../../Engine/Content/Functions/Engine_MaterialFunctions02/PivotPainter2/ms_PivotPainter2_DecodePostion.uasset" 202
"../../../Engine/Content/Functions/Engine_MaterialFunctions02/PivotPainter2/ms_PivotPainter2_ReturnParentTextureInfo.uasset" 203
"../../../Engine/Content/Functions/Engine_MaterialFunctions02/Utility/VectorLength.uasset" 204
"../../../Engine/Content/Functions/Engine_MaterialFunctions02/WorldPositionOffset/ObjectScale.uasset" 205
"../../../Engine/Content/Functions/Engine_MaterialFunctions02/ExampleContent/PivotPainter2/PP2_rgb_XVect_a_XExtent.uasset" 206
"../../../Engine/Content/Functions/Engine_MaterialFunctions02/ExampleContent/PivotPainter2/SimpExPivPos.uasset" 207
"../../../Engine/Content/Functions/Engine_MaterialFunctions02/ExampleContent/PivotPainter2/test2_rgb_PivotPos_a_ParentIndexInt_UV_2.uasset" 208
"../../../Engine/Content/Functions/Engine_MaterialFunctions02/ExampleContent/Textures/WindTurblenceVectorAndGustMagnitude.uasset" 209
"../../../Engine/Content/Functions/Engine_MaterialFunctions02/PivotPainter2/PivotPainter2FoliageAnimation.uasset" 210
"../../../Engine/Content/Functions/Engine_MaterialFunctions02/PivotPainter2/PivotPainter2FoliageShader.uasset" 211
"../../../Engine/Content/Functions/Engine_MaterialFunctions02/ExampleContent/PivotPainter2/SimplePivotPainterExampleMat.uasset" 212
"../../../Engine/Content/Functions/Engine_MaterialFunctions01/Texturing/ComputeMipLevel.uasset" 213
"../../../Engine/Content/Functions/Engine_MaterialFunctions01/Texturing/TextureCropping.uasset" 214
"../../../Engine/Content/Functions/Engine_MaterialFunctions02/ExampleContent/Gradient.uasset" 215
"../../../Engine/Content/Functions/Engine_MaterialFunctions02/ExampleContent/Greyscale.uasset" 216
"../../../Engine/Content/Functions/Engine_MaterialFunctions02/Gradients/GradientMap_Multi.uasset" 217
"../../../Engine/Content/Functions/Engine_MaterialFunctions02/Gradients/GradientMap_Multi_TexObjSamplerType.uasset" 218
"../../../Engine/Content/Functions/Engine_MaterialFunctions02/PassThrough.uasset" 219
"../../../Engine/Content/Functions/Engine_MaterialFunctions02/SafeNormalize.uasset" 220
"../../../Engine/Content/Functions/Engine_MaterialFunctions02/Utility/BreakOutFloat3Components.uasset" 221
"../../../Engine/Content/Functions/Engine_MaterialFunctions02/ExampleContent/DebugNumberStrip.uasset" 222
"../../../Engine/Content/Functions/Engine_MaterialFunctions02/ExampleContent/Textures/DebugNumberPeriod.uasset" 223
"../../../Engine/Content/Functions/Engine_MaterialFunctions02/Utility/DebugScalarValues.uasset" 224
"../../../Engine/Content/Functions/Engine_MaterialFunctions02/Utility/DebugFloat3Values.uasset" 225
"../../../Engine/Content/Functions/Engine_MaterialFunctions02/Utility/DebugFloat4Values.uasset" 226
"../../../Engine/Content/Functions/Engine_MaterialFunctions02/Normals/UnpackNormalFromFloat.uasset" 227
"../../../Engine/Content/Functions/Engine_MaterialFunctions02/ExampleContent/TextureBasedWPO/DemoBox.uasset" 228
"../../../Engine/Content/Functions/Engine_MaterialFunctions02/ExampleContent/TextureBasedWPO/DemoBox_Normals.uasset" 229
"../../../Engine/Content/Functions/Engine_MaterialFunctions02/MAXScripts/MS_VertexAnimationTools_MorphTargets.uasset" 230
"../../../Engine/Content/Functions/Engine_MaterialFunctions02/Utility/LinearSine.uasset" 231
"../../../Engine/Content/Functions/Engine_MaterialFunctions02/ExampleContent/TextureBasedWPO/TextureBasedMorphDemo.uasset" 232
"../../../Engine/Content/Functions/Engine_MaterialFunctions02/ExampleContent/TextureBasedWPO/DemoBoxMesh.uasset" 233
"../../../../../../Users/Rahul - Main/Desktop/SIT255-Assignment1-217663894-Edirisinghe/GamePatDevAS1/Content/BP_EnemySpawner.uasset" 234
"../../../Engine/Content/MapTemplates/Materials/BasicAsset03.uasset" 235
"../../../Engine/Content/EditorMeshes/ArcadeEditorSphere.uasset" 236
"../../../../../../Users/Rahul - Main/Desktop/SIT255-Assignment1-217663894-Edirisinghe/GamePatDevAS1/Content/BP_Bullet.uasset" 237
"../../../../../../Users/Rahul - Main/Desktop/SIT255-Assignment1-217663894-Edirisinghe/GamePatDevAS1/Content/VehicleAdjusted.uasset" 238
"../../../../../../Users/Rahul - Main/Desktop/SIT255-Assignment1-217663894-Edirisinghe/GamePatDevAS1/Content/BP_MainPlatChar.uasset" 239
"../../../Engine/Content/VREditor/UI/KeyDiskMaterial.uasset" 240
"../../../Engine/Content/VREditor/UI/DiscMaterial.uasset" 241
"../../../../../../Users/Rahul - Main/Desktop/SIT255-Assignment1-217663894-Edirisinghe/GamePatDevAS1/Content/DropPlatformNew_BP.uasset" 242
"../../../Engine/Content/VREditor/BasicMeshes/T_CleanFloorGrunge_01_D.uasset" 243
"../../../Engine/Content/VREditor/BasicMeshes/M_Floor_01.uasset" 244
"../../../Engine/Content/VREditor/BasicMeshes/MI_Cube_03.uasset" 245
"../../../../../../Users/Rahul - Main/Desktop/SIT255-Assignment1-217663894-Edirisinghe/GamePatDevAS1/Content/KillFloor_BP.uasset" 246
"../../../../../../Users/Rahul - Main/Desktop/SIT255-Assignment1-217663894-Edirisinghe/GamePatDevAS1/Content/MainTestMap_BuiltData.uasset" 247
"../../../../../../Users/Rahul - Main/Desktop/SIT255-Assignment1-217663894-Edirisinghe/GamePatDevAS1/Content/MainTestMap.umap" 248
"../../../../../../Users/Rahul - Main/Desktop/SIT255-Assignment1-217663894-Edirisinghe/GamePatDevAS1/Content/BulletPool_BP.uasset" 249
"../../../../../../Users/Rahul - Main/Desktop/SIT255-Assignment1-217663894-Edirisinghe/GamePatDevAS1/Content/TestMap_BuiltData.uasset" 250
"../../../../../../Users/Rahul - Main/Desktop/SIT255-Assignment1-217663894-Edirisinghe/GamePatDevAS1/Content/TestMap.umap" 251
"../../../Engine/Content/Maps/Entry_BuiltData.uasset" 252
"../../../Engine/Content/Maps/Entry.umap" 253
